<?xml version="1.0" encoding="UTF-8"?>
<!-- Generated by org.testng.reporters.JUnitReportReporter -->
<testsuite skipped="0" hostname="Mitt-Tulsis-MBP.lan1" name="com.mitt.test.User" tests="2" failures="0" timestamp="2020-02-07T21:47:01 CST" time="0.009" errors="0">
  <testcase name="testAbstractFactory" time="0.008" classname="com.mitt.test.User"/>
  <system-out/>
  <testcase name="testSingleton" time="0.001" classname="com.mitt.test.User"/>
  <system-out/>
</testsuite> <!-- com.mitt.test.User -->
