<?xml version="1.0" encoding="UTF-8"?>
<!-- Generated by org.testng.reporters.JUnitReportReporter -->
<testsuite skipped="0" hostname="Mitt-Tulsis-MBP.lan1" name="com.mitt.test.UserForCreational" tests="1" failures="0" timestamp="2020-02-07T22:09:48 CST" time="0.008" errors="0">
  <testcase name="testPrototype" time="0.008" classname="com.mitt.test.UserForCreational"/>
  <system-out/>
</testsuite> <!-- com.mitt.test.UserForCreational -->
