<?xml version="1.0" encoding="UTF-8"?>
<!-- Generated by org.testng.reporters.JUnitReportReporter -->
<testsuite skipped="0" hostname="Mitt-Tulsis-MBP.lan1" name="com.mitt.test.UserForCreational" tests="4" failures="0" timestamp="2020-02-09T23:04:19 CST" time="0.013" errors="0">
  <testcase name="testAbstractFactory" time="0.009" classname="com.mitt.test.UserForCreational"/>
  <system-out/>
  <testcase name="testBuilderPattern" time="0.002" classname="com.mitt.test.UserForCreational"/>
  <system-out/>
  <testcase name="testSingleton" time="0.001" classname="com.mitt.test.UserForCreational"/>
  <system-out/>
  <testcase name="testPrototype" time="0.001" classname="com.mitt.test.UserForCreational"/>
  <system-out/>
</testsuite> <!-- com.mitt.test.UserForCreational -->
